<?xml version="1.0" encoding="UTF-8"?>
<!-- Generated by org.testng.reporters.JUnitXMLReporter -->
<testsuite ignored="0" hostname="ATMECSINLT-1194" failures="1" tests="5" name="Emulator GeneralStore Test" time="84.361" errors="0" timestamp="2023-10-03T04:15:35 IST">
  <testcase classname="com.qa.emulator.test.HomePageTest" name="fillTheFormTest" time="10.863"/>
  <testcase classname="com.qa.emulator.test.AddToCartTest" name="productAddedToCartTest" time="31.412"/>
  <testcase classname="com.qa.emulator.test.CartTest" name="validateCartProductDetails" time="16.189">
    <failure type="java.lang.AssertionError" message="expected [true] but found [false]">
      <![CDATA[java.lang.AssertionError: expected [true] but found [false]
at com.qa.emulator.actions.CartActions.validateTheItemsName(CartActions.java:30)
at com.qa.emulator.test.CartTest.validateCartProductDetails(CartTest.java:13)
at java.base/java.util.ArrayList.forEach(ArrayList.java:1511)
... Removed 29 stack frames]]>
    </failure>
  </testcase> <!-- validateCartProductDetails -->
  <testcase classname="com.qa.emulator.test.CartTest" name="navigateWebViewTest" time="3.757"/>
  <testcase classname="com.qa.emulator.test.WebViewTest" name="interactMobileWebPageTest" time="8.041"/>
</testsuite> <!-- Emulator GeneralStore Test -->
