<?xml version="1.0" encoding="UTF-8"?>
<testng-results ignored="0" total="5" passed="4" failed="1" skipped="0">
  <reporter-output>
  </reporter-output>
  <suite started-at="2023-10-03T04:14:10 IST" name="Emulator GeneralStore Test Suite" finished-at="2023-10-03T04:15:35 IST" duration-ms="84361">
    <groups>
    </groups>
    <test started-at="2023-10-03T04:14:10 IST" name="Emulator GeneralStore Test" finished-at="2023-10-03T04:15:35 IST" duration-ms="84361">
      <class name="com.qa.emulator.test.CartTest">
        <test-method signature="validateCartProductDetails()[pri:0, instance:com.qa.emulator.test.CartTest@742ff096]" started-at="2023-10-03T04:15:06 IST" name="validateCartProductDetails" finished-at="2023-10-03T04:15:22 IST" duration-ms="16189" status="FAIL">
          <exception class="java.lang.AssertionError">
            <message>
              <![CDATA[expected [true] but found [false]]]>
            </message>
            <full-stacktrace>
              <![CDATA[java.lang.AssertionError: expected [true] but found [false]
at org.testng.Assert.fail(Assert.java:111)
at org.testng.Assert.failNotEquals(Assert.java:1578)
at org.testng.Assert.assertTrue(Assert.java:57)
at org.testng.Assert.assertTrue(Assert.java:67)
at com.qa.emulator.actions.CartActions.validateTheItemsName(CartActions.java:30)
at com.qa.emulator.test.CartTest.validateCartProductDetails(CartTest.java:13)
at java.base/jdk.internal.reflect.DirectMethodHandleAccessor.invoke(DirectMethodHandleAccessor.java:104)
at java.base/java.lang.reflect.Method.invoke(Method.java:578)
at org.testng.internal.invokers.MethodInvocationHelper.invokeMethod(MethodInvocationHelper.java:139)
at org.testng.internal.invokers.TestInvoker.invokeMethod(TestInvoker.java:664)
at org.testng.internal.invokers.TestInvoker.invokeTestMethod(TestInvoker.java:227)
at org.testng.internal.invokers.MethodRunner.runInSequence(MethodRunner.java:50)
at org.testng.internal.invokers.TestInvoker$MethodInvocationAgent.invoke(TestInvoker.java:957)
at org.testng.internal.invokers.TestInvoker.invokeTestMethods(TestInvoker.java:200)
at org.testng.internal.invokers.TestMethodWorker.invokeTestMethods(TestMethodWorker.java:148)
at org.testng.internal.invokers.TestMethodWorker.run(TestMethodWorker.java:128)
at java.base/java.util.ArrayList.forEach(ArrayList.java:1511)
at org.testng.TestRunner.privateRun(TestRunner.java:848)
at org.testng.TestRunner.run(TestRunner.java:621)
at org.testng.SuiteRunner.runTest(SuiteRunner.java:443)
at org.testng.SuiteRunner.runSequentially(SuiteRunner.java:437)
at org.testng.SuiteRunner.privateRun(SuiteRunner.java:397)
at org.testng.SuiteRunner.run(SuiteRunner.java:336)
at org.testng.SuiteRunnerWorker.runSuite(SuiteRunnerWorker.java:52)
at org.testng.SuiteRunnerWorker.run(SuiteRunnerWorker.java:95)
at org.testng.TestNG.runSuitesSequentially(TestNG.java:1280)
at org.testng.TestNG.runSuitesLocally(TestNG.java:1200)
at org.testng.TestNG.runSuites(TestNG.java:1114)
at org.testng.TestNG.run(TestNG.java:1082)
at org.testng.remote.AbstractRemoteTestNG.run(AbstractRemoteTestNG.java:115)
at org.testng.remote.RemoteTestNG.initAndRun(RemoteTestNG.java:251)
at org.testng.remote.RemoteTestNG.main(RemoteTestNG.java:77)
]]>
            </full-stacktrace>
          </exception> <!-- java.lang.AssertionError -->
          <reporter-output>
          </reporter-output>
        </test-method> <!-- validateCartProductDetails -->
        <test-method signature="navigateWebViewTest()[pri:1, instance:com.qa.emulator.test.CartTest@742ff096]" started-at="2023-10-03T04:15:22 IST" name="navigateWebViewTest" finished-at="2023-10-03T04:15:26 IST" duration-ms="3757" status="PASS">
          <reporter-output>
          </reporter-output>
        </test-method> <!-- navigateWebViewTest -->
      </class> <!-- com.qa.emulator.test.CartTest -->
      <class name="com.qa.emulator.test.WebViewTest">
        <test-method signature="interactMobileWebPageTest()[pri:0, instance:com.qa.emulator.test.WebViewTest@350aac89]" started-at="2023-10-03T04:15:26 IST" name="interactMobileWebPageTest" finished-at="2023-10-03T04:15:34 IST" duration-ms="8041" status="PASS">
          <reporter-output>
          </reporter-output>
        </test-method> <!-- interactMobileWebPageTest -->
      </class> <!-- com.qa.emulator.test.WebViewTest -->
      <class name="com.qa.emulator.test.AddToCartTest">
        <test-method signature="productAddedToCartTest()[pri:0, instance:com.qa.emulator.test.AddToCartTest@712625fd]" started-at="2023-10-03T04:14:35 IST" name="productAddedToCartTest" finished-at="2023-10-03T04:15:06 IST" duration-ms="31412" status="PASS">
          <reporter-output>
          </reporter-output>
        </test-method> <!-- productAddedToCartTest -->
      </class> <!-- com.qa.emulator.test.AddToCartTest -->
      <class name="com.qa.emulator.test.HomePageTest">
        <test-method is-config="true" signature="setCapabilites(java.lang.String,java.lang.String,java.lang.String,java.lang.String)[pri:0, instance:com.qa.emulator.test.HomePageTest@53045c6c]" started-at="2023-10-03T04:14:10 IST" name="setCapabilites" finished-at="2023-10-03T04:14:10 IST" duration-ms="127" status="PASS">
          <params>
            <param index="0">
              <value>
                <![CDATA[Android]]>
              </value>
            </param>
            <param index="1">
              <value>
                <![CDATA[Pixel 4]]>
              </value>
            </param>
            <param index="2">
              <value>
                <![CDATA[emulator-5554]]>
              </value>
            </param>
            <param index="3">
              <value>
                <![CDATA[C:\\Users\\manoj.mukannan\\Mobile Testing Workspace\\emulatorGeneralStore\\src\\test\\resources\\Build\\GeneralStore.apk]]>
              </value>
            </param>
          </params>
          <reporter-output>
          </reporter-output>
        </test-method> <!-- setCapabilites -->
        <test-method is-config="true" signature="driverLaunch(java.lang.String)[pri:0, instance:com.qa.emulator.test.HomePageTest@53045c6c]" started-at="2023-10-03T04:14:10 IST" name="driverLaunch" finished-at="2023-10-03T04:14:24 IST" duration-ms="13737" status="PASS">
          <params>
            <param index="0">
              <value>
                <![CDATA[http://127.0.0.1:4723/]]>
              </value>
            </param>
          </params>
          <reporter-output>
          </reporter-output>
        </test-method> <!-- driverLaunch -->
        <test-method signature="fillTheFormTest()[pri:0, instance:com.qa.emulator.test.HomePageTest@53045c6c]" started-at="2023-10-03T04:14:24 IST" name="fillTheFormTest" finished-at="2023-10-03T04:14:35 IST" duration-ms="10863" status="PASS">
          <reporter-output>
          </reporter-output>
        </test-method> <!-- fillTheFormTest -->
        <test-method is-config="true" signature="extendReportFlush()[pri:0, instance:com.qa.emulator.test.HomePageTest@53045c6c]" started-at="2023-10-03T04:15:34 IST" name="extendReportFlush" finished-at="2023-10-03T04:15:35 IST" duration-ms="279" status="PASS">
          <reporter-output>
          </reporter-output>
        </test-method> <!-- extendReportFlush -->
        <test-method is-config="true" signature="tearDown()[pri:0, instance:com.qa.emulator.test.HomePageTest@53045c6c]" started-at="2023-10-03T04:15:35 IST" name="tearDown" finished-at="2023-10-03T04:15:35 IST" duration-ms="1" status="PASS">
          <reporter-output>
          </reporter-output>
        </test-method> <!-- tearDown -->
      </class> <!-- com.qa.emulator.test.HomePageTest -->
    </test> <!-- Emulator GeneralStore Test -->
  </suite> <!-- Emulator GeneralStore Test Suite -->
</testng-results>
