<?xml version="1.0" encoding="UTF-8"?>
<!-- Generated by org.testng.reporters.JUnitXMLReporter -->
<testsuite ignored="0" hostname="ATMECSINLT-1194" failures="1" tests="1" name="Emulator GeneralStore Test" time="20.676" errors="0" timestamp="2023-10-03T13:52:56 IST">
  <testcase classname="com.qa.emulator.test.HomePageTest" name="fillTheFormTest" time="0.081">
    <failure type="java.lang.AssertionError" message="expected [Please enter your name] but found [null]">
      <![CDATA[java.lang.AssertionError: expected [Please enter your name] but found [null]
at com.qa.emulator.actions.HomePageActions.fillTheForm(HomePageActions.java:21)
at com.qa.emulator.test.HomePageTest.fillTheFormTest(HomePageTest.java:14)
at java.base/java.util.ArrayList.forEach(ArrayList.java:1511)
... Removed 31 stack frames]]>
    </failure>
  </testcase> <!-- fillTheFormTest -->
</testsuite> <!-- Emulator GeneralStore Test -->
